<?xml version="1.0" encoding="UTF-8"?>
<!-- Generated by org.testng.reporters.JUnitReportReporter -->
<testsuite hostname="Habiba" failures="0" tests="1" name="PlayListTests.PlayListTests" time="1.913" errors="0" timestamp="2023-10-21T19:43:00 EET" skipped="0">
  <testcase classname="PlayListTests.PlayListTests" name="ShouldNotBeAbleToCreateAPlayListWithoutName" time="1.913"/>
  <system-out/>
</testsuite> <!-- PlayListTests.PlayListTests -->
