<?xml version="1.0" encoding="UTF-8"?>
<!-- Generated by org.testng.reporters.JUnitReportReporter -->
<testsuite hostname="Habiba" failures="0" tests="5" name="com.spotify.oauth2.Test.PlayListTests" time="8.888" errors="0" timestamp="2023-10-28T22:19:47 EET" skipped="0">
  <testcase classname="com.spotify.oauth2.Test.PlayListTests" name="ShouldNotBeAbleToCreateAPlayListWithoutName" time="0.434"/>
  <system-out/>
  <testcase classname="com.spotify.oauth2.Test.PlayListTests" name="ShouldBeAbleToUpdatePlayList" time="0.520"/>
  <system-out/>
  <testcase classname="com.spotify.oauth2.Test.PlayListTests" name="ShouldNotBeAbleToCreateAPlayListWithExpiredToken" time="0.386"/>
  <system-out/>
  <testcase classname="com.spotify.oauth2.Test.PlayListTests" name="ShouldBeAbleToGetAPlayList" time="0.464"/>
  <system-out/>
  <testcase classname="com.spotify.oauth2.Test.PlayListTests" name="ShouldBeAbleToCreateAPlayList" time="7.084"/>
  <system-out/>
</testsuite> <!-- com.spotify.oauth2.Test.PlayListTests -->
